<?xml version="1.0" encoding="UTF-8"?>
<!-- Generated by org.testng.reporters.JUnitReportReporter -->
<testsuite hostname="5CD93439TM" failures="0" tests="2" name="qaclick.Test01" time="0.003" errors="0" timestamp="2021-07-17T13:37:24 IST" skipped="0">
  <testcase classname="qaclick.Test01" name="B" time="0.002"/>
  <system-out/>
  <testcase classname="qaclick.Test01" name="A" time="0.001"/>
  <system-out/>
</testsuite> <!-- qaclick.Test01 -->
