<?xml version="1.0" encoding="UTF-8"?>
<!-- Generated by org.testng.reporters.JUnitReportReporter -->
<testsuite hostname="5CD93439TM" failures="0" tests="2" name="Academy.Sec29_E2E.Home" time="12.242" errors="0" timestamp="06 Sep 2021 13:16:41 GMT" skipped="0">
  <testcase classname="Academy.Sec29_E2E.Home" name="HomePage" time="8.721"/>
  <testcase classname="Academy.Sec29_E2E.Home" name="HomePage" time="3.521"/>
</testsuite> <!-- Academy.Sec29_E2E.Home -->
