<?xml version="1.0" encoding="UTF-8"?>
<!-- Generated by org.testng.reporters.JUnitReportReporter -->
<testsuite hostname="5CD93439TM" failures="0" tests="2" name="Academy.Sec29_E2E.Home" time="5.963" errors="0" timestamp="2021-10-01T14:32:51 IST" skipped="0">
  <testcase classname="Academy.Sec29_E2E.Home" name="HomePage" time="1.506"/>
  <system-out/>
  <testcase classname="Academy.Sec29_E2E.Home" name="HomePage" time="4.457"/>
  <system-out/>
</testsuite> <!-- Academy.Sec29_E2E.Home -->
