<?xml version="1.0" encoding="UTF-8"?>
<!-- Generated by org.testng.reporters.JUnitReportReporter -->
<testsuite hostname="5CD93439TM" failures="0" tests="2" name="Academy.Sec29_E2E.Validatetitle" time="0.443" errors="0" timestamp="2021-09-06T19:18:18 IST" skipped="0">
  <testcase classname="Academy.Sec29_E2E.Validatetitle" name="ValidateTitle" time="0.203"/>
  <system-out/>
  <testcase classname="Academy.Sec29_E2E.Validatetitle" name="ValidateHeader" time="0.240"/>
  <system-out/>
</testsuite> <!-- Academy.Sec29_E2E.Validatetitle -->
