<?xml version="1.0" encoding="UTF-8"?>
<!-- Generated by org.testng.reporters.JUnitReportReporter -->
<testsuite hostname="5CD93439TM" failures="0" tests="2" name="qaclick.Test02" time="0.005" errors="0" timestamp="2021-08-15T13:18:49 IST" skipped="0">
  <testcase classname="qaclick.Test02" name="D" time="0.000"/>
  <system-out/>
  <testcase classname="qaclick.Test02" name="C" time="0.005"/>
  <system-out/>
</testsuite> <!-- qaclick.Test02 -->
