<?xml version="1.0" encoding="UTF-8"?>
<!-- Generated by org.testng.reporters.JUnitReportReporter -->
<testsuite hostname="5CD93439TM" failures="0" tests="2" name="qaclick.Test03" time="0.008" errors="0" timestamp="2021-08-15T13:18:36 IST" skipped="0">
  <testcase classname="qaclick.Test03" name="F" time="0.000"/>
  <system-out/>
  <testcase classname="qaclick.Test03" name="E" time="0.008"/>
  <system-out/>
</testsuite> <!-- qaclick.Test03 -->
