<?xml version="1.0" encoding="UTF-8"?>
<!-- Generated by org.testng.reporters.JUnitReportReporter -->
<testsuite hostname="5CD93439TM" failures="0" tests="1" name="Testcase.LoginPage" time="23.691" errors="0" timestamp="23 Aug 2021 11:41:15 GMT">
  <testcase classname="Testcase.LoginPage" name="Login" time="23.691"/>
</testsuite> <!-- Testcase.LoginPage -->
